<?xml version="1.0" encoding="UTF-8"?>
<!-- Generated by org.testng.reporters.JUnitXMLReporter -->
<testsuite hostname="LAPTOP" failures="0" tests="12" name="Default test" time="29.651" errors="0" timestamp="2 Jul 2020 15:54:18 GMT">
  <testcase classname="test.DateParserThree" name="dateParser" time="1.68"/>
  <testcase classname="test.DateParserThree" name="dateParser" time="1.648"/>
  <testcase classname="test.DateParserThree" name="dateParser" time="1.302"/>
  <testcase classname="test.DateParserThree" name="dateParser" time="1.704"/>
  <testcase classname="test.DateParserThree" name="dateParser" time="1.837"/>
  <testcase classname="test.DateParserThree" name="dateParser" time="1.425"/>
  <testcase classname="test.DateParserThree" name="dateParser" time="1.719"/>
  <testcase classname="test.DateParserThree" name="dateParser" time="1.662"/>
  <testcase classname="test.DateParserThree" name="dateParser" time="1.739"/>
  <testcase classname="test.DateParserThree" name="dateParser" time="1.413"/>
  <testcase classname="test.DateParserThree" name="dateParser" time="1.589"/>
  <testcase classname="test.DateParserThree" name="dateParser" time="1.708"/>
</testsuite> <!-- Default test -->
