<?xml version="1.0" encoding="UTF-8"?>
<!-- Generated by org.testng.reporters.JUnitXMLReporter -->
<testsuite hostname="LAPTOP" failures="0" tests="4" name="Default test" time="139.794" errors="0" timestamp="16 Jul 2020 03:09:34 GMT">
  <testcase classname="test.DateParser" name="dateParser" time="45.968"/>
  <testcase classname="test.DateParser" name="dateParser" time="20.467"/>
  <testcase classname="test.DateParser" name="dateParser" time="40.762"/>
  <testcase classname="test.DateParser" name="dateParser" time="20.318"/>
</testsuite> <!-- Default test -->
