<?xml version="1.0" encoding="UTF-8"?>
<!-- Generated by org.testng.reporters.JUnitXMLReporter -->
<testsuite hostname="LAPTOP" failures="0" tests="4" name="DateValidate" time="122.426" errors="0" timestamp="16 Jul 2020 04:07:50 GMT">
  <testcase classname="test.DateParser" name="dateParser" time="42.074"/>
  <testcase classname="test.DateParser" name="dateParser" time="21.194"/>
  <testcase classname="test.DateParser" name="dateParser" time="31.949"/>
  <testcase classname="test.DateParser" name="dateParser" time="16.804"/>
</testsuite> <!-- DateValidate -->
