<?xml version="1.0" encoding="UTF-8"?>
<!-- Generated by org.testng.reporters.JUnitXMLReporter -->
<testsuite hostname="LAPTOP" failures="0" tests="12" name="Test-mmmmddyyyy" time="33.845" errors="0" timestamp="3 Jul 2020 04:44:48 GMT">
  <testcase classname="test.DateParserThree" name="dateParser" time="1.622"/>
  <testcase classname="test.DateParserThree" name="dateParser" time="1.68"/>
  <testcase classname="test.DateParserThree" name="dateParser" time="4.33"/>
  <testcase classname="test.DateParserThree" name="dateParser" time="2.411"/>
  <testcase classname="test.DateParserThree" name="dateParser" time="1.301"/>
  <testcase classname="test.DateParserThree" name="dateParser" time="2.911"/>
  <testcase classname="test.DateParserThree" name="dateParser" time="1.601"/>
  <testcase classname="test.DateParserThree" name="dateParser" time="1.433"/>
  <testcase classname="test.DateParserThree" name="dateParser" time="2.326"/>
  <testcase classname="test.DateParserThree" name="dateParser" time="1.742"/>
  <testcase classname="test.DateParserThree" name="dateParser" time="1.552"/>
  <testcase classname="test.DateParserThree" name="dateParser" time="1.284"/>
</testsuite> <!-- Test-mmmmddyyyy -->
