<?xml version="1.0" encoding="UTF-8"?>
<!-- Generated by org.testng.reporters.JUnitXMLReporter -->
<testsuite hostname="LAPTOP" failures="0" tests="12" name="Test1" time="37.32" errors="0" timestamp="3 Jul 2020 03:03:01 GMT">
  <testcase classname="test.DateParser" name="dateParser" time="2.23"/>
  <testcase classname="test.DateParser" name="dateParser" time="1.576"/>
  <testcase classname="test.DateParser" name="dateParser" time="1.598"/>
  <testcase classname="test.DateParser" name="dateParser" time="1.589"/>
  <testcase classname="test.DateParser" name="dateParser" time="1.357"/>
  <testcase classname="test.DateParser" name="dateParser" time="1.537"/>
  <testcase classname="test.DateParser" name="dateParser" time="1.479"/>
  <testcase classname="test.DateParser" name="dateParser" time="1.149"/>
  <testcase classname="test.DateParser" name="dateParser" time="1.302"/>
  <testcase classname="test.DateParser" name="dateParser" time="1.215"/>
  <testcase classname="test.DateParser" name="dateParser" time="1.23"/>
  <testcase classname="test.DateParser" name="dateParser" time="1.297"/>
</testsuite> <!-- Test1 -->
