<?xml version="1.0" encoding="UTF-8"?>
<!-- Generated by org.testng.reporters.JUnitXMLReporter -->
<testsuite hostname="LAPTOP" failures="0" tests="6" name="Test-mmddyyyy" time="17.671" errors="0" timestamp="3 Jul 2020 04:45:05 GMT">
  <testcase classname="test.DateParserFour" name="dateParser" time="1.557"/>
  <testcase classname="test.DateParserFour" name="dateParser" time="1.357"/>
  <testcase classname="test.DateParserFour" name="dateParser" time="1.221"/>
  <testcase classname="test.DateParserFour" name="dateParser" time="1.568"/>
  <testcase classname="test.DateParserFour" name="dateParser" time="1.381"/>
  <testcase classname="test.DateParserFour" name="dateParser" time="1.34"/>
</testsuite> <!-- Test-mmddyyyy -->
