<?xml version="1.0" encoding="UTF-8"?>
<!-- Generated by org.testng.reporters.JUnitXMLReporter -->
<testsuite hostname="LAPTOP" failures="0" tests="4" name="Test-ddmmmmyy" time="103.949" errors="0" timestamp="16 Jul 2020 03:37:22 GMT">
  <testcase classname="test.DateParser" name="dateParser" time="32.062"/>
  <testcase classname="test.DateParser" name="dateParser" time="15.735"/>
  <testcase classname="test.DateParser" name="dateParser" time="30.671"/>
  <testcase classname="test.DateParser" name="dateParser" time="14.687"/>
</testsuite> <!-- Test-ddmmmmyy -->
