<?xml version="1.0" encoding="UTF-8"?>
<!-- Generated by org.testng.reporters.JUnitXMLReporter -->
<testsuite hostname="LAPTOP" failures="0" tests="6" name="Test" time="16.622" errors="0" timestamp="3 Jul 2020 03:04:20 GMT">
  <testcase classname="test.DateParserFour" name="dateParser" time="1.421"/>
  <testcase classname="test.DateParserFour" name="dateParser" time="1.583"/>
  <testcase classname="test.DateParserFour" name="dateParser" time="1.619"/>
  <testcase classname="test.DateParserFour" name="dateParser" time="1.358"/>
  <testcase classname="test.DateParserFour" name="dateParser" time="1.507"/>
  <testcase classname="test.DateParserFour" name="dateParser" time="1.586"/>
</testsuite> <!-- Test -->
