<?xml version="1.0" encoding="UTF-8"?>
<!-- Generated by org.testng.reporters.JUnitXMLReporter -->
<testsuite hostname="LAPTOP" failures="0" tests="6" name="Test2" time="16.045" errors="0" timestamp="3 Jul 2020 03:03:18 GMT">
  <testcase classname="test.DateParserTwo" name="dateParser" time="1.247"/>
  <testcase classname="test.DateParserTwo" name="dateParser" time="1.13"/>
  <testcase classname="test.DateParserTwo" name="dateParser" time="1.595"/>
  <testcase classname="test.DateParserTwo" name="dateParser" time="1.403"/>
  <testcase classname="test.DateParserTwo" name="dateParser" time="1.224"/>
  <testcase classname="test.DateParserTwo" name="dateParser" time="1.064"/>
</testsuite> <!-- Test2 -->
