<?xml version="1.0" encoding="UTF-8"?>
<!-- Generated by org.testng.reporters.JUnitXMLReporter -->
<testsuite hostname="LAPTOP" failures="0" tests="6" name="Test-ddmmyyyy" time="22.507" errors="0" timestamp="3 Jul 2020 04:44:14 GMT">
  <testcase classname="test.DateParserTwo" name="dateParser" time="1.277"/>
  <testcase classname="test.DateParserTwo" name="dateParser" time="1.53"/>
  <testcase classname="test.DateParserTwo" name="dateParser" time="2.934"/>
  <testcase classname="test.DateParserTwo" name="dateParser" time="1.453"/>
  <testcase classname="test.DateParserTwo" name="dateParser" time="1.303"/>
  <testcase classname="test.DateParserTwo" name="dateParser" time="1.237"/>
</testsuite> <!-- Test-ddmmyyyy -->
