<?xml version="1.0" encoding="UTF-8"?>
<!-- Generated by org.testng.reporters.JUnitXMLReporter -->
<testsuite hostname="LAPTOP" failures="0" tests="6" name="Test4" time="17.147" errors="0" timestamp="3 Jul 2020 03:04:03 GMT">
  <testcase classname="test.DateParserFour" name="dateParser" time="1.759"/>
  <testcase classname="test.DateParserFour" name="dateParser" time="1.569"/>
  <testcase classname="test.DateParserFour" name="dateParser" time="1.292"/>
  <testcase classname="test.DateParserFour" name="dateParser" time="1.585"/>
  <testcase classname="test.DateParserFour" name="dateParser" time="1.616"/>
  <testcase classname="test.DateParserFour" name="dateParser" time="1.576"/>
</testsuite> <!-- Test4 -->
