<?xml version="1.0" encoding="UTF-8"?>
<!-- Generated by org.testng.reporters.JUnitXMLReporter -->
<testsuite hostname="LAPTOP" failures="0" tests="12" name="Test3" time="28.401" errors="0" timestamp="3 Jul 2020 03:03:46 GMT">
  <testcase classname="test.DateParserThree" name="dateParser" time="1.404"/>
  <testcase classname="test.DateParserThree" name="dateParser" time="1.536"/>
  <testcase classname="test.DateParserThree" name="dateParser" time="4.847"/>
  <testcase classname="test.DateParserThree" name="dateParser" time="1.604"/>
  <testcase classname="test.DateParserThree" name="dateParser" time="1.271"/>
  <testcase classname="test.DateParserThree" name="dateParser" time="1.427"/>
  <testcase classname="test.DateParserThree" name="dateParser" time="1.51"/>
  <testcase classname="test.DateParserThree" name="dateParser" time="1.261"/>
  <testcase classname="test.DateParserThree" name="dateParser" time="1.294"/>
  <testcase classname="test.DateParserThree" name="dateParser" time="1.633"/>
  <testcase classname="test.DateParserThree" name="dateParser" time="1.485"/>
  <testcase classname="test.DateParserThree" name="dateParser" time="1.599"/>
</testsuite> <!-- Test3 -->
