<?xml version="1.0" encoding="UTF-8"?>
<testng-results total="4" passed="4" failed="0" skipped="0">
  <reporter-output>
    <line>
      <![CDATA[Browser has been initialized<br>]]>
    </line>
    <line>
      <![CDATA[URL has been entered in the Browser<br>]]>
    </line>
    <line>
      <![CDATA[Date entered in the text field 16-July-2020<br>]]>
    </line>
    <line>
      <![CDATA[ Formatted Input date: Thu Jul 16 2020 and Output date: Thu Jul 16 2020 have been verified.<br>]]>
    </line>
    <line>
      <![CDATA[Date entered in the text field 16-July-20<br>]]>
    </line>
    <line>
      <![CDATA[ Formatted Input date: Thu Jul 16 2020 and Output date: Thu Jul 16 2020 have been verified.<br>]]>
    </line>
    <line>
      <![CDATA[Date entered in the text field 16-Jul-2020<br>]]>
    </line>
    <line>
      <![CDATA[ Formatted Input date: Thu Jul 16 2020 and Output date: Thu Jul 16 2020 have been verified.<br>]]>
    </line>
    <line>
      <![CDATA[Date entered in the text field 16-Jul-20<br>]]>
    </line>
    <line>
      <![CDATA[ Formatted Input date: Thu Jul 16 2020 and Output date: Thu Jul 16 2020 have been verified.<br>]]>
    </line>
    <line>
      <![CDATA[Date entered in the text field 16/July/2020<br>]]>
    </line>
    <line>
      <![CDATA[ Formatted Input date: Thu Jul 16 2020 and Output date: Thu Jul 16 2020 have been verified.<br>]]>
    </line>
    <line>
      <![CDATA[Date entered in the text field 16/July/20<br>]]>
    </line>
    <line>
      <![CDATA[ Formatted Input date: Thu Jul 16 2020 and Output date: Thu Jul 16 2020 have been verified.<br>]]>
    </line>
    <line>
      <![CDATA[Date entered in the text field 16/Jul/2020<br>]]>
    </line>
    <line>
      <![CDATA[ Formatted Input date: Thu Jul 16 2020 and Output date: Thu Jul 16 2020 have been verified.<br>]]>
    </line>
    <line>
      <![CDATA[Date entered in the text field 16/Jul/20<br>]]>
    </line>
    <line>
      <![CDATA[ Formatted Input date: Thu Jul 16 2020 and Output date: Thu Jul 16 2020 have been verified.<br>]]>
    </line>
    <line>
      <![CDATA[Date entered in the text field 16 July 2020<br>]]>
    </line>
    <line>
      <![CDATA[ Formatted Input date: Thu Jul 16 2020 and Output date: Thu Jul 16 2020 have been verified.<br>]]>
    </line>
    <line>
      <![CDATA[Date entered in the text field 16 July 20<br>]]>
    </line>
    <line>
      <![CDATA[ Formatted Input date: Thu Jul 16 2020 and Output date: Thu Jul 16 2020 have been verified.<br>]]>
    </line>
    <line>
      <![CDATA[Date entered in the text field 16 Jul 2020<br>]]>
    </line>
    <line>
      <![CDATA[ Formatted Input date: Thu Jul 16 2020 and Output date: Thu Jul 16 2020 have been verified.<br>]]>
    </line>
    <line>
      <![CDATA[Date entered in the text field 16 Jul 20<br>]]>
    </line>
    <line>
      <![CDATA[ Formatted Input date: Thu Jul 16 2020 and Output date: Thu Jul 16 2020 have been verified.<br>]]>
    </line>
    <line>
      <![CDATA[Date entered in the text field 16-07-2020<br>]]>
    </line>
    <line>
      <![CDATA[ Formatted Input date: Thu Jul 16 2020 and Output date: Invalid date have not been verified.<br>]]>
    </line>
    <line>
      <![CDATA[Date entered in the text field 16-07-20<br>]]>
    </line>
    <line>
      <![CDATA[ Formatted Input date: Thu Jul 16 2020 and Output date: Invalid date have not been verified.<br>]]>
    </line>
    <line>
      <![CDATA[Date entered in the text field 16/07/2020<br>]]>
    </line>
    <line>
      <![CDATA[ Formatted Input date: Thu Jul 16 2020 and Output date: Invalid date have not been verified.<br>]]>
    </line>
    <line>
      <![CDATA[Date entered in the text field 16/07/20<br>]]>
    </line>
    <line>
      <![CDATA[ Formatted Input date: Thu Jul 16 2020 and Output date: Invalid date have not been verified.<br>]]>
    </line>
    <line>
      <![CDATA[Date entered in the text field 16 07 2020<br>]]>
    </line>
    <line>
      <![CDATA[ Formatted Input date: Thu Jul 16 2020 and Output date: Invalid date have not been verified.<br>]]>
    </line>
    <line>
      <![CDATA[Date entered in the text field 16 07 20<br>]]>
    </line>
    <line>
      <![CDATA[ Formatted Input date: Thu Jul 16 2020 and Output date: Invalid date have not been verified.<br>]]>
    </line>
    <line>
      <![CDATA[Date entered in the text field July-16-2020<br>]]>
    </line>
    <line>
      <![CDATA[ Formatted Input date: Thu Jul 16 2020 and Output date: Thu Jul 16 2020 have been verified.<br>]]>
    </line>
    <line>
      <![CDATA[Date entered in the text field July-16-20<br>]]>
    </line>
    <line>
      <![CDATA[ Formatted Input date: Thu Jul 16 2020 and Output date: Thu Jul 16 2020 have been verified.<br>]]>
    </line>
    <line>
      <![CDATA[Date entered in the text field Jul-16-2020<br>]]>
    </line>
    <line>
      <![CDATA[ Formatted Input date: Thu Jul 16 2020 and Output date: Thu Jul 16 2020 have been verified.<br>]]>
    </line>
    <line>
      <![CDATA[Date entered in the text field Jul-16-20<br>]]>
    </line>
    <line>
      <![CDATA[ Formatted Input date: Thu Jul 16 2020 and Output date: Thu Jul 16 2020 have been verified.<br>]]>
    </line>
    <line>
      <![CDATA[Date entered in the text field July/16/2020<br>]]>
    </line>
    <line>
      <![CDATA[ Formatted Input date: Thu Jul 16 2020 and Output date: Thu Jul 16 2020 have been verified.<br>]]>
    </line>
    <line>
      <![CDATA[Date entered in the text field July/16/20<br>]]>
    </line>
    <line>
      <![CDATA[ Formatted Input date: Thu Jul 16 2020 and Output date: Thu Jul 16 2020 have been verified.<br>]]>
    </line>
    <line>
      <![CDATA[Date entered in the text field Jul/16/2020<br>]]>
    </line>
    <line>
      <![CDATA[ Formatted Input date: Thu Jul 16 2020 and Output date: Thu Jul 16 2020 have been verified.<br>]]>
    </line>
    <line>
      <![CDATA[Date entered in the text field Jul/16/20<br>]]>
    </line>
    <line>
      <![CDATA[ Formatted Input date: Thu Jul 16 2020 and Output date: Thu Jul 16 2020 have been verified.<br>]]>
    </line>
    <line>
      <![CDATA[Date entered in the text field July 16 2020<br>]]>
    </line>
    <line>
      <![CDATA[ Formatted Input date: Thu Jul 16 2020 and Output date: Thu Jul 16 2020 have been verified.<br>]]>
    </line>
    <line>
      <![CDATA[Date entered in the text field July 16 20<br>]]>
    </line>
    <line>
      <![CDATA[ Formatted Input date: Thu Jul 16 2020 and Output date: Thu Jul 16 2020 have been verified.<br>]]>
    </line>
    <line>
      <![CDATA[Date entered in the text field Jul 16 2020<br>]]>
    </line>
    <line>
      <![CDATA[ Formatted Input date: Thu Jul 16 2020 and Output date: Thu Jul 16 2020 have been verified.<br>]]>
    </line>
    <line>
      <![CDATA[Date entered in the text field Jul 16 20<br>]]>
    </line>
    <line>
      <![CDATA[ Formatted Input date: Thu Jul 16 2020 and Output date: Thu Jul 16 2020 have been verified.<br>]]>
    </line>
    <line>
      <![CDATA[Date entered in the text field 07-16-2020<br>]]>
    </line>
    <line>
      <![CDATA[ Formatted Input date: Thu Jul 16 2020 and Output date: Thu Jul 16 2020 have been verified.<br>]]>
    </line>
    <line>
      <![CDATA[Date entered in the text field 07-16-20<br>]]>
    </line>
    <line>
      <![CDATA[ Formatted Input date: Thu Jul 16 2020 and Output date: Thu Jul 16 2020 have been verified.<br>]]>
    </line>
    <line>
      <![CDATA[Date entered in the text field 07/16/2020<br>]]>
    </line>
    <line>
      <![CDATA[ Formatted Input date: Thu Jul 16 2020 and Output date: Thu Jul 16 2020 have been verified.<br>]]>
    </line>
    <line>
      <![CDATA[Date entered in the text field 07/16/20<br>]]>
    </line>
    <line>
      <![CDATA[ Formatted Input date: Thu Jul 16 2020 and Output date: Thu Jul 16 2020 have been verified.<br>]]>
    </line>
    <line>
      <![CDATA[Date entered in the text field 07 16 2020<br>]]>
    </line>
    <line>
      <![CDATA[ Formatted Input date: Thu Jul 16 2020 and Output date: Thu Jul 16 2020 have been verified.<br>]]>
    </line>
    <line>
      <![CDATA[Date entered in the text field 07 16 20<br>]]>
    </line>
    <line>
      <![CDATA[ Formatted Input date: Thu Jul 16 2020 and Output date: Thu Jul 16 2020 have been verified.<br>]]>
    </line>
  </reporter-output>
  <suite started-at="2020-07-16T04:05:48Z" name="Suite" finished-at="2020-07-16T04:07:50Z" duration-ms="122426">
    <groups>
    </groups>
    <test started-at="2020-07-16T04:05:48Z" name="DateValidate" finished-at="2020-07-16T04:07:50Z" duration-ms="122426">
      <class name="test.DateParser">
        <test-method is-config="true" signature="initialize()[pri:0, instance:test.DateParser@24269709]" started-at="2020-07-16T09:35:48Z" name="initialize" finished-at="2020-07-16T09:35:57Z" duration-ms="9588" status="PASS">
          <reporter-output>
            <line>
              <![CDATA[Browser has been initialized<br>]]>
            </line>
            <line>
              <![CDATA[URL has been entered in the Browser<br>]]>
            </line>
          </reporter-output>
        </test-method> <!-- initialize -->
        <test-method signature="dateParser(java.lang.String)[pri:0, instance:test.DateParser@24269709]" started-at="2020-07-16T09:35:57Z" name="dateParser" data-provider="getDateSet" finished-at="2020-07-16T09:36:39Z" duration-ms="42074" status="PASS">
          <params>
            <param index="0">
              <value>
                <![CDATA[Test1]]>
              </value>
            </param>
          </params>
          <reporter-output>
            <line>
              <![CDATA[Date entered in the text field 16-July-2020<br>]]>
            </line>
            <line>
              <![CDATA[ Formatted Input date: Thu Jul 16 2020 and Output date: Thu Jul 16 2020 have been verified.<br>]]>
            </line>
            <line>
              <![CDATA[Date entered in the text field 16-July-20<br>]]>
            </line>
            <line>
              <![CDATA[ Formatted Input date: Thu Jul 16 2020 and Output date: Thu Jul 16 2020 have been verified.<br>]]>
            </line>
            <line>
              <![CDATA[Date entered in the text field 16-Jul-2020<br>]]>
            </line>
            <line>
              <![CDATA[ Formatted Input date: Thu Jul 16 2020 and Output date: Thu Jul 16 2020 have been verified.<br>]]>
            </line>
            <line>
              <![CDATA[Date entered in the text field 16-Jul-20<br>]]>
            </line>
            <line>
              <![CDATA[ Formatted Input date: Thu Jul 16 2020 and Output date: Thu Jul 16 2020 have been verified.<br>]]>
            </line>
            <line>
              <![CDATA[Date entered in the text field 16/July/2020<br>]]>
            </line>
            <line>
              <![CDATA[ Formatted Input date: Thu Jul 16 2020 and Output date: Thu Jul 16 2020 have been verified.<br>]]>
            </line>
            <line>
              <![CDATA[Date entered in the text field 16/July/20<br>]]>
            </line>
            <line>
              <![CDATA[ Formatted Input date: Thu Jul 16 2020 and Output date: Thu Jul 16 2020 have been verified.<br>]]>
            </line>
            <line>
              <![CDATA[Date entered in the text field 16/Jul/2020<br>]]>
            </line>
            <line>
              <![CDATA[ Formatted Input date: Thu Jul 16 2020 and Output date: Thu Jul 16 2020 have been verified.<br>]]>
            </line>
            <line>
              <![CDATA[Date entered in the text field 16/Jul/20<br>]]>
            </line>
            <line>
              <![CDATA[ Formatted Input date: Thu Jul 16 2020 and Output date: Thu Jul 16 2020 have been verified.<br>]]>
            </line>
            <line>
              <![CDATA[Date entered in the text field 16 July 2020<br>]]>
            </line>
            <line>
              <![CDATA[ Formatted Input date: Thu Jul 16 2020 and Output date: Thu Jul 16 2020 have been verified.<br>]]>
            </line>
            <line>
              <![CDATA[Date entered in the text field 16 July 20<br>]]>
            </line>
            <line>
              <![CDATA[ Formatted Input date: Thu Jul 16 2020 and Output date: Thu Jul 16 2020 have been verified.<br>]]>
            </line>
            <line>
              <![CDATA[Date entered in the text field 16 Jul 2020<br>]]>
            </line>
            <line>
              <![CDATA[ Formatted Input date: Thu Jul 16 2020 and Output date: Thu Jul 16 2020 have been verified.<br>]]>
            </line>
            <line>
              <![CDATA[Date entered in the text field 16 Jul 20<br>]]>
            </line>
            <line>
              <![CDATA[ Formatted Input date: Thu Jul 16 2020 and Output date: Thu Jul 16 2020 have been verified.<br>]]>
            </line>
          </reporter-output>
        </test-method> <!-- dateParser -->
        <test-method signature="dateParser(java.lang.String)[pri:0, instance:test.DateParser@24269709]" started-at="2020-07-16T09:36:39Z" name="dateParser" data-provider="getDateSet" finished-at="2020-07-16T09:37:01Z" duration-ms="21194" status="PASS">
          <params>
            <param index="0">
              <value>
                <![CDATA[Test2]]>
              </value>
            </param>
          </params>
          <reporter-output>
            <line>
              <![CDATA[Date entered in the text field 16-07-2020<br>]]>
            </line>
            <line>
              <![CDATA[ Formatted Input date: Thu Jul 16 2020 and Output date: Invalid date have not been verified.<br>]]>
            </line>
            <line>
              <![CDATA[Date entered in the text field 16-07-20<br>]]>
            </line>
            <line>
              <![CDATA[ Formatted Input date: Thu Jul 16 2020 and Output date: Invalid date have not been verified.<br>]]>
            </line>
            <line>
              <![CDATA[Date entered in the text field 16/07/2020<br>]]>
            </line>
            <line>
              <![CDATA[ Formatted Input date: Thu Jul 16 2020 and Output date: Invalid date have not been verified.<br>]]>
            </line>
            <line>
              <![CDATA[Date entered in the text field 16/07/20<br>]]>
            </line>
            <line>
              <![CDATA[ Formatted Input date: Thu Jul 16 2020 and Output date: Invalid date have not been verified.<br>]]>
            </line>
            <line>
              <![CDATA[Date entered in the text field 16 07 2020<br>]]>
            </line>
            <line>
              <![CDATA[ Formatted Input date: Thu Jul 16 2020 and Output date: Invalid date have not been verified.<br>]]>
            </line>
            <line>
              <![CDATA[Date entered in the text field 16 07 20<br>]]>
            </line>
            <line>
              <![CDATA[ Formatted Input date: Thu Jul 16 2020 and Output date: Invalid date have not been verified.<br>]]>
            </line>
          </reporter-output>
        </test-method> <!-- dateParser -->
        <test-method signature="dateParser(java.lang.String)[pri:0, instance:test.DateParser@24269709]" started-at="2020-07-16T09:37:01Z" name="dateParser" data-provider="getDateSet" finished-at="2020-07-16T09:37:32Z" duration-ms="31949" status="PASS">
          <params>
            <param index="0">
              <value>
                <![CDATA[Test3]]>
              </value>
            </param>
          </params>
          <reporter-output>
            <line>
              <![CDATA[Date entered in the text field July-16-2020<br>]]>
            </line>
            <line>
              <![CDATA[ Formatted Input date: Thu Jul 16 2020 and Output date: Thu Jul 16 2020 have been verified.<br>]]>
            </line>
            <line>
              <![CDATA[Date entered in the text field July-16-20<br>]]>
            </line>
            <line>
              <![CDATA[ Formatted Input date: Thu Jul 16 2020 and Output date: Thu Jul 16 2020 have been verified.<br>]]>
            </line>
            <line>
              <![CDATA[Date entered in the text field Jul-16-2020<br>]]>
            </line>
            <line>
              <![CDATA[ Formatted Input date: Thu Jul 16 2020 and Output date: Thu Jul 16 2020 have been verified.<br>]]>
            </line>
            <line>
              <![CDATA[Date entered in the text field Jul-16-20<br>]]>
            </line>
            <line>
              <![CDATA[ Formatted Input date: Thu Jul 16 2020 and Output date: Thu Jul 16 2020 have been verified.<br>]]>
            </line>
            <line>
              <![CDATA[Date entered in the text field July/16/2020<br>]]>
            </line>
            <line>
              <![CDATA[ Formatted Input date: Thu Jul 16 2020 and Output date: Thu Jul 16 2020 have been verified.<br>]]>
            </line>
            <line>
              <![CDATA[Date entered in the text field July/16/20<br>]]>
            </line>
            <line>
              <![CDATA[ Formatted Input date: Thu Jul 16 2020 and Output date: Thu Jul 16 2020 have been verified.<br>]]>
            </line>
            <line>
              <![CDATA[Date entered in the text field Jul/16/2020<br>]]>
            </line>
            <line>
              <![CDATA[ Formatted Input date: Thu Jul 16 2020 and Output date: Thu Jul 16 2020 have been verified.<br>]]>
            </line>
            <line>
              <![CDATA[Date entered in the text field Jul/16/20<br>]]>
            </line>
            <line>
              <![CDATA[ Formatted Input date: Thu Jul 16 2020 and Output date: Thu Jul 16 2020 have been verified.<br>]]>
            </line>
            <line>
              <![CDATA[Date entered in the text field July 16 2020<br>]]>
            </line>
            <line>
              <![CDATA[ Formatted Input date: Thu Jul 16 2020 and Output date: Thu Jul 16 2020 have been verified.<br>]]>
            </line>
            <line>
              <![CDATA[Date entered in the text field July 16 20<br>]]>
            </line>
            <line>
              <![CDATA[ Formatted Input date: Thu Jul 16 2020 and Output date: Thu Jul 16 2020 have been verified.<br>]]>
            </line>
            <line>
              <![CDATA[Date entered in the text field Jul 16 2020<br>]]>
            </line>
            <line>
              <![CDATA[ Formatted Input date: Thu Jul 16 2020 and Output date: Thu Jul 16 2020 have been verified.<br>]]>
            </line>
            <line>
              <![CDATA[Date entered in the text field Jul 16 20<br>]]>
            </line>
            <line>
              <![CDATA[ Formatted Input date: Thu Jul 16 2020 and Output date: Thu Jul 16 2020 have been verified.<br>]]>
            </line>
          </reporter-output>
        </test-method> <!-- dateParser -->
        <test-method signature="dateParser(java.lang.String)[pri:0, instance:test.DateParser@24269709]" started-at="2020-07-16T09:37:32Z" name="dateParser" data-provider="getDateSet" finished-at="2020-07-16T09:37:49Z" duration-ms="16804" status="PASS">
          <params>
            <param index="0">
              <value>
                <![CDATA[Test4]]>
              </value>
            </param>
          </params>
          <reporter-output>
            <line>
              <![CDATA[Date entered in the text field 07-16-2020<br>]]>
            </line>
            <line>
              <![CDATA[ Formatted Input date: Thu Jul 16 2020 and Output date: Thu Jul 16 2020 have been verified.<br>]]>
            </line>
            <line>
              <![CDATA[Date entered in the text field 07-16-20<br>]]>
            </line>
            <line>
              <![CDATA[ Formatted Input date: Thu Jul 16 2020 and Output date: Thu Jul 16 2020 have been verified.<br>]]>
            </line>
            <line>
              <![CDATA[Date entered in the text field 07/16/2020<br>]]>
            </line>
            <line>
              <![CDATA[ Formatted Input date: Thu Jul 16 2020 and Output date: Thu Jul 16 2020 have been verified.<br>]]>
            </line>
            <line>
              <![CDATA[Date entered in the text field 07/16/20<br>]]>
            </line>
            <line>
              <![CDATA[ Formatted Input date: Thu Jul 16 2020 and Output date: Thu Jul 16 2020 have been verified.<br>]]>
            </line>
            <line>
              <![CDATA[Date entered in the text field 07 16 2020<br>]]>
            </line>
            <line>
              <![CDATA[ Formatted Input date: Thu Jul 16 2020 and Output date: Thu Jul 16 2020 have been verified.<br>]]>
            </line>
            <line>
              <![CDATA[Date entered in the text field 07 16 20<br>]]>
            </line>
            <line>
              <![CDATA[ Formatted Input date: Thu Jul 16 2020 and Output date: Thu Jul 16 2020 have been verified.<br>]]>
            </line>
          </reporter-output>
        </test-method> <!-- dateParser -->
        <test-method is-config="true" signature="tearDown()[pri:0, instance:test.DateParser@24269709]" started-at="2020-07-16T09:37:49Z" name="tearDown" finished-at="2020-07-16T09:37:50Z" duration-ms="763" status="PASS">
          <reporter-output>
          </reporter-output>
        </test-method> <!-- tearDown -->
      </class> <!-- test.DateParser -->
    </test> <!-- DateValidate -->
  </suite> <!-- Suite -->
</testng-results>
