<?xml version="1.0" encoding="UTF-8"?>
<!-- Generated by org.testng.reporters.JUnitReportReporter -->
<testsuite hostname="LAPTOP" failures="0" tests="12" name="test.DateParser" time="26.666" errors="0" timestamp="3 Jul 2020 04:45:06 GMT">
  <testcase classname="test.DateParser" name="dateParser" time="1.449"/>
  <testcase classname="test.DateParser" name="dateParser" time="1.560"/>
  <testcase classname="test.DateParser" name="dateParser" time="1.938"/>
  <testcase classname="test.DateParser" name="dateParser" time="1.833"/>
  <testcase classname="test.DateParser" name="dateParser" time="1.669"/>
  <testcase classname="test.DateParser" name="dateParser" time="1.685"/>
  <testcase classname="test.DateParser" name="dateParser" time="2.534"/>
  <testcase classname="test.DateParser" name="dateParser" time="1.860"/>
  <testcase classname="test.DateParser" name="dateParser" time="1.712"/>
  <testcase classname="test.DateParser" name="dateParser" time="3.425"/>
  <testcase classname="test.DateParser" name="dateParser" time="3.713"/>
  <testcase classname="test.DateParser" name="dateParser" time="3.288"/>
</testsuite> <!-- test.DateParser -->
