<?xml version="1.0" encoding="UTF-8"?>
<!-- Generated by org.testng.reporters.JUnitReportReporter -->
<testsuite hostname="LAPTOP" failures="0" tests="18" name="test.Sample" time="0.234" errors="0" timestamp="2 Jul 2020 10:51:20 GMT">
  <testcase classname="test.Sample" name="print" time="0.025"/>
  <testcase classname="test.Sample" name="print" time="0.021"/>
  <testcase classname="test.Sample" name="print" time="0.000"/>
  <testcase classname="test.Sample" name="print" time="0.016"/>
  <testcase classname="test.Sample" name="print" time="0.000"/>
  <testcase classname="test.Sample" name="print" time="0.000"/>
  <testcase classname="test.Sample" name="print" time="0.000"/>
  <testcase classname="test.Sample" name="print" time="0.000"/>
  <testcase classname="test.Sample" name="print" time="0.016"/>
  <testcase classname="test.Sample" name="print" time="0.000"/>
  <testcase classname="test.Sample" name="print" time="0.000"/>
  <testcase classname="test.Sample" name="print" time="0.016"/>
  <testcase classname="test.Sample" name="print" time="0.000"/>
  <testcase classname="test.Sample" name="print" time="0.078"/>
  <testcase classname="test.Sample" name="print" time="0.015"/>
  <testcase classname="test.Sample" name="print" time="0.000"/>
  <testcase classname="test.Sample" name="print" time="0.031"/>
  <testcase classname="test.Sample" name="print" time="0.016"/>
</testsuite> <!-- test.Sample -->
