<?xml version="1.0" encoding="UTF-8"?>
<!-- Generated by org.testng.reporters.JUnitReportReporter -->
<testsuite hostname="LAPTOP" failures="0" tests="4" name="test.DateProj" time="165.102" errors="0" timestamp="15 Jul 2020 14:37:05 GMT">
  <testcase classname="test.DateProj" name="dateParser" time="27.055"/>
  <testcase classname="test.DateProj" name="dateParser" time="54.443"/>
  <testcase classname="test.DateProj" name="dateParser" time="26.688"/>
  <testcase classname="test.DateProj" name="dateParser" time="56.916"/>
</testsuite> <!-- test.DateProj -->
