<?xml version="1.0" encoding="UTF-8"?>
<!-- Generated by org.testng.reporters.JUnitReportReporter -->
<testsuite hostname="LAPTOP" failures="0" tests="12" name="test.DateParserThree" time="24.193" errors="0" timestamp="3 Jul 2020 04:45:06 GMT">
  <testcase classname="test.DateParserThree" name="dateParser" time="1.301"/>
  <testcase classname="test.DateParserThree" name="dateParser" time="1.622"/>
  <testcase classname="test.DateParserThree" name="dateParser" time="1.284"/>
  <testcase classname="test.DateParserThree" name="dateParser" time="1.433"/>
  <testcase classname="test.DateParserThree" name="dateParser" time="1.680"/>
  <testcase classname="test.DateParserThree" name="dateParser" time="2.911"/>
  <testcase classname="test.DateParserThree" name="dateParser" time="2.326"/>
  <testcase classname="test.DateParserThree" name="dateParser" time="1.742"/>
  <testcase classname="test.DateParserThree" name="dateParser" time="1.552"/>
  <testcase classname="test.DateParserThree" name="dateParser" time="2.411"/>
  <testcase classname="test.DateParserThree" name="dateParser" time="1.601"/>
  <testcase classname="test.DateParserThree" name="dateParser" time="4.330"/>
</testsuite> <!-- test.DateParserThree -->
