<?xml version="1.0" encoding="UTF-8"?>
<!-- Generated by org.testng.reporters.JUnitReportReporter -->
<testsuite hostname="LAPTOP" failures="0" tests="12" name="test.DateParserThre" time="18.690" errors="0" timestamp="2 Jul 2020 13:12:14 GMT">
  <testcase classname="test.DateParserThre" name="dateParser" time="1.620"/>
  <testcase classname="test.DateParserThre" name="dateParser" time="1.581"/>
  <testcase classname="test.DateParserThre" name="dateParser" time="1.559"/>
  <testcase classname="test.DateParserThre" name="dateParser" time="1.631"/>
  <testcase classname="test.DateParserThre" name="dateParser" time="1.590"/>
  <testcase classname="test.DateParserThre" name="dateParser" time="1.112"/>
  <testcase classname="test.DateParserThre" name="dateParser" time="1.905"/>
  <testcase classname="test.DateParserThre" name="dateParser" time="1.440"/>
  <testcase classname="test.DateParserThre" name="dateParser" time="1.596"/>
  <testcase classname="test.DateParserThre" name="dateParser" time="1.742"/>
  <testcase classname="test.DateParserThre" name="dateParser" time="1.287"/>
  <testcase classname="test.DateParserThre" name="dateParser" time="1.627"/>
</testsuite> <!-- test.DateParserThre -->
