<?xml version="1.0" encoding="UTF-8"?>
<!-- Generated by org.testng.reporters.JUnitReportReporter -->
<testsuite hostname="LAPTOP" failures="0" tests="6" name="test.DateParserTwo" time="9.734" errors="0" timestamp="3 Jul 2020 04:45:06 GMT">
  <testcase classname="test.DateParserTwo" name="dateParser" time="1.530"/>
  <testcase classname="test.DateParserTwo" name="dateParser" time="1.277"/>
  <testcase classname="test.DateParserTwo" name="dateParser" time="1.453"/>
  <testcase classname="test.DateParserTwo" name="dateParser" time="2.934"/>
  <testcase classname="test.DateParserTwo" name="dateParser" time="1.237"/>
  <testcase classname="test.DateParserTwo" name="dateParser" time="1.303"/>
</testsuite> <!-- test.DateParserTwo -->
